# JRE version: Java(TM) SE Runtime Environment (8.0_281-b09) (build 1.8.0_281-b09)
# Java VM: Java HotSpot(TM) 64-Bit Server VM (25.281-b09 mixed mode windows-amd64 compressed oops)
Heap:
 PSYoungGen      total 157696K, used 96989K [0x00000000f5580000, 0x0000000100000000, 0x0000000100000000)
  eden space 143872K, 57% used [0x00000000f5580000,0x00000000fa6ba0c8,0x00000000fe200000)
  from space 13824K, 99% used [0x00000000ff180000,0x00000000ffefd340,0x00000000fff00000)
  to   space 15360K, 0% used [0x00000000fe200000,0x00000000fe200000,0x00000000ff100000)
 ParOldGen       total 109568K, used 15568K [0x00000000e0000000, 0x00000000e6b00000, 0x00000000f5580000)
  object space 109568K, 14% used [0x00000000e0000000,0x00000000e0f34240,0x00000000e6b00000)
 Metaspace       used 49473K, capacity 54160K, committed 54400K, reserved 1095680K
  class space    used 7249K, capacity 8056K, committed 8064K, reserved 1048576K
GC Heap History (10 events):
Event: 4.202 GC heap before
{Heap before GC invocations=6 (full 1):
 PSYoungGen      total 128000K, used 127926K [0x00000000f5580000, 0x00000000fe680000, 0x0000000100000000)
  eden space 121344K, 100% used [0x00000000f5580000,0x00000000fcc00000,0x00000000fcc00000)
  from space 6656K, 98% used [0x00000000fe000000,0x00000000fe66da18,0x00000000fe680000)
  to   space 10752K, 0% used [0x00000000fd180000,0x00000000fd180000,0x00000000fdc00000)
 ParOldGen       total 78848K, used 4911K [0x00000000e0000000, 0x00000000e4d00000, 0x00000000f5580000)
  object space 78848K, 6% used [0x00000000e0000000,0x00000000e04cbf58,0x00000000e4d00000)
 Metaspace       used 28528K, capacity 30244K, committed 30592K, reserved 1075200K
  class space    used 3785K, capacity 4118K, committed 4224K, reserved 1048576K
Event: 4.214 GC heap after
Heap after GC invocations=6 (full 1):
 PSYoungGen      total 137728K, used 10751K [0x00000000f5580000, 0x0000000100000000, 0x0000000100000000)
  eden space 126976K, 0% used [0x00000000f5580000,0x00000000f5580000,0x00000000fd180000)
  from space 10752K, 99% used [0x00000000fd180000,0x00000000fdbffe48,0x00000000fdc00000)
  to   space 14336K, 0% used [0x00000000ff200000,0x00000000ff200000,0x0000000100000000)
 ParOldGen       total 78848K, used 7479K [0x00000000e0000000, 0x00000000e4d00000, 0x00000000f5580000)
  object space 78848K, 9% used [0x00000000e0000000,0x00000000e074dc68,0x00000000e4d00000)
 Metaspace       used 28528K, capacity 30244K, committed 30592K, reserved 1075200K
  class space    used 3785K, capacity 4118K, committed 4224K, reserved 1048576K
}
Event: 5.059 GC heap before
{Heap before GC invocations=7 (full 1):
 PSYoungGen      total 137728K, used 91859K [0x00000000f5580000, 0x0000000100000000, 0x0000000100000000)
  eden space 126976K, 63% used [0x00000000f5580000,0x00000000fa4b4f88,0x00000000fd180000)
  from space 10752K, 99% used [0x00000000fd180000,0x00000000fdbffe48,0x00000000fdc00000)
  to   space 14336K, 0% used [0x00000000ff200000,0x00000000ff200000,0x0000000100000000)
 ParOldGen       total 78848K, used 7479K [0x00000000e0000000, 0x00000000e4d00000, 0x00000000f5580000)
  object space 78848K, 9% used [0x00000000e0000000,0x00000000e074dc68,0x00000000e4d00000)
 Metaspace       used 33548K, capacity 35390K, committed 35496K, reserved 1079296K
  class space    used 4701K, capacity 5061K, committed 5120K, reserved 1048576K
Event: 5.069 GC heap after
Heap after GC invocations=7 (full 1):
 PSYoungGen      total 160256K, used 10544K [0x00000000f5580000, 0x0000000100000000, 0x0000000100000000)
  eden space 145920K, 0% used [0x00000000f5580000,0x00000000f5580000,0x00000000fe400000)
  from space 14336K, 73% used [0x00000000ff200000,0x00000000ffc4c290,0x0000000100000000)
  to   space 14336K, 0% used [0x00000000fe400000,0x00000000fe400000,0x00000000ff200000)
 ParOldGen       total 78848K, used 7487K [0x00000000e0000000, 0x00000000e4d00000, 0x00000000f5580000)
  object space 78848K, 9% used [0x00000000e0000000,0x00000000e074fc68,0x00000000e4d00000)
 Metaspace       used 33548K, capacity 35390K, committed 35496K, reserved 1079296K
  class space    used 4701K, capacity 5061K, committed 5120K, reserved 1048576K
}
Event: 5.069 GC heap before
{Heap before GC invocations=8 (full 2):
 PSYoungGen      total 160256K, used 10544K [0x00000000f5580000, 0x0000000100000000, 0x0000000100000000)
  eden space 145920K, 0% used [0x00000000f5580000,0x00000000f5580000,0x00000000fe400000)
  from space 14336K, 73% used [0x00000000ff200000,0x00000000ffc4c290,0x0000000100000000)
  to   space 14336K, 0% used [0x00000000fe400000,0x00000000fe400000,0x00000000ff200000)
 ParOldGen       total 78848K, used 7487K [0x00000000e0000000, 0x00000000e4d00000, 0x00000000f5580000)
  object space 78848K, 9% used [0x00000000e0000000,0x00000000e074fc68,0x00000000e4d00000)
 Metaspace       used 33548K, capacity 35390K, committed 35496K, reserved 1079296K
  class space    used 4701K, capacity 5061K, committed 5120K, reserved 1048576K
Event: 5.112 GC heap after
Heap after GC invocations=8 (full 2):
 PSYoungGen      total 160256K, used 0K [0x00000000f5580000, 0x0000000100000000, 0x0000000100000000)
  eden space 145920K, 0% used [0x00000000f5580000,0x00000000f5580000,0x00000000fe400000)
  from space 14336K, 0% used [0x00000000ff200000,0x00000000ff200000,0x0000000100000000)
  to   space 14336K, 0% used [0x00000000fe400000,0x00000000fe400000,0x00000000ff200000)
 ParOldGen       total 109568K, used 14974K [0x00000000e0000000, 0x00000000e6b00000, 0x00000000f5580000)
  object space 109568K, 13% used [0x00000000e0000000,0x00000000e0e9fba8,0x00000000e6b00000)
 Metaspace       used 33548K, capacity 35390K, committed 35496K, reserved 1079296K
  class space    used 4701K, capacity 5061K, committed 5120K, reserved 1048576K
}
Event: 6.713 GC heap before
{Heap before GC invocations=9 (full 2):
 PSYoungGen      total 160256K, used 145920K [0x00000000f5580000, 0x0000000100000000, 0x0000000100000000)
  eden space 145920K, 100% used [0x00000000f5580000,0x00000000fe400000,0x00000000fe400000)
  from space 14336K, 0% used [0x00000000ff200000,0x00000000ff200000,0x0000000100000000)
  to   space 14336K, 0% used [0x00000000fe400000,0x00000000fe400000,0x00000000ff200000)
 ParOldGen       total 109568K, used 14974K [0x00000000e0000000, 0x00000000e6b00000, 0x00000000f5580000)
  object space 109568K, 13% used [0x00000000e0000000,0x00000000e0e9fba8,0x00000000e6b00000)
 Metaspace       used 38434K, capacity 40882K, committed 40960K, reserved 1085440K
  class space    used 5382K, capacity 5837K, committed 5888K, reserved 1048576K
Event: 6.726 GC heap after
Heap after GC invocations=9 (full 2):
 PSYoungGen      total 155136K, used 8906K [0x00000000f5580000, 0x00000000fff00000, 0x0000000100000000)
  eden space 145920K, 0% used [0x00000000f5580000,0x00000000f5580000,0x00000000fe400000)
  from space 9216K, 96% used [0x00000000fe400000,0x00000000fecb2aa8,0x00000000fed00000)
  to   space 13824K, 0% used [0x00000000ff180000,0x00000000ff180000,0x00000000fff00000)
 ParOldGen       total 109568K, used 14982K [0x00000000e0000000, 0x00000000e6b00000, 0x00000000f5580000)
  object space 109568K, 13% used [0x00000000e0000000,0x00000000e0ea1ba8,0x00000000e6b00000)
 Metaspace       used 38434K, capacity 40882K, committed 40960K, reserved 1085440K
  class space    used 5382K, capacity 5837K, committed 5888K, reserved 1048576K
}
Event: 8.564 GC heap before
{Heap before GC invocations=10 (full 2):
 PSYoungGen      total 155136K, used 154826K [0x00000000f5580000, 0x00000000fff00000, 0x0000000100000000)
  eden space 145920K, 100% used [0x00000000f5580000,0x00000000fe400000,0x00000000fe400000)
  from space 9216K, 96% used [0x00000000fe400000,0x00000000fecb2aa8,0x00000000fed00000)
  to   space 13824K, 0% used [0x00000000ff180000,0x00000000ff180000,0x00000000fff00000)
 ParOldGen       total 109568K, used 14982K [0x00000000e0000000, 0x00000000e6b00000, 0x00000000f5580000)
  object space 109568K, 13% used [0x00000000e0000000,0x00000000e0ea1ba8,0x00000000e6b00000)
 Metaspace       used 44188K, capacity 47132K, committed 47360K, reserved 1089536K
  class space    used 6328K, capacity 6898K, committed 6912K, reserved 1048576K
Event: 8.580 GC heap after
Heap after GC invocations=10 (full 2):
 PSYoungGen      total 157696K, used 13812K [0x00000000f5580000, 0x0000000100000000, 0x0000000100000000)
  eden space 143872K, 0% used [0x00000000f5580000,0x00000000f5580000,0x00000000fe200000)
  from space 13824K, 99% used [0x00000000ff180000,0x00000000ffefd340,0x00000000fff00000)
  to   space 15360K, 0% used [0x00000000fe200000,0x00000000fe200000,0x00000000ff100000)
 ParOldGen       total 109568K, used 15568K [0x00000000e0000000, 0x00000000e6b00000, 0x00000000f5580000)
  object space 109568K, 14% used [0x00000000e0000000,0x00000000e0f34240,0x00000000e6b00000)
 Metaspace       used 44188K, capacity 47132K, committed 47360K, reserved 1089536K
  class space    used 6328K, capacity 6898K, committed 6912K, reserved 1048576K
}

