# JRE version: Java(TM) SE Runtime Environment (8.0_281-b09) (build 1.8.0_281-b09)
# Java VM: Java HotSpot(TM) 64-Bit Server VM (25.281-b09 mixed mode windows-amd64 compressed oops)
Heap:
 PSYoungGen      total 156672K, used 73057K [0x00000000f5580000, 0x0000000100000000, 0x0000000100000000)
  eden space 142848K, 41% used [0x00000000f5580000,0x00000000f8f5e818,0x00000000fe100000)
  from space 13824K, 99% used [0x00000000ff180000,0x00000000ffef9e00,0x00000000fff00000)
  to   space 15872K, 0% used [0x00000000fe100000,0x00000000fe100000,0x00000000ff080000)
 ParOldGen       total 104448K, used 15799K [0x00000000e0000000, 0x00000000e6600000, 0x00000000f5580000)
  object space 104448K, 15% used [0x00000000e0000000,0x00000000e0f6dcc8,0x00000000e6600000)
 Metaspace       used 47436K, capacity 51660K, committed 51712K, reserved 1093632K
  class space    used 6890K, capacity 7638K, committed 7680K, reserved 1048576K
GC Heap History (10 events):
Event: 5.042 GC heap before
{Heap before GC invocations=6 (full 1):
 PSYoungGen      total 130048K, used 130031K [0x00000000f5580000, 0x00000000fe680000, 0x0000000100000000)
  eden space 123392K, 100% used [0x00000000f5580000,0x00000000fce00000,0x00000000fce00000)
  from space 6656K, 99% used [0x00000000fe000000,0x00000000fe67bf40,0x00000000fe680000)
  to   space 10752K, 0% used [0x00000000fd180000,0x00000000fd180000,0x00000000fdc00000)
 ParOldGen       total 77312K, used 4855K [0x00000000e0000000, 0x00000000e4b80000, 0x00000000f5580000)
  object space 77312K, 6% used [0x00000000e0000000,0x00000000e04bdee8,0x00000000e4b80000)
 Metaspace       used 28498K, capacity 30200K, committed 30336K, reserved 1075200K
  class space    used 3780K, capacity 4118K, committed 4224K, reserved 1048576K
Event: 5.054 GC heap after
Heap after GC invocations=6 (full 1):
 PSYoungGen      total 137728K, used 10741K [0x00000000f5580000, 0x0000000100000000, 0x0000000100000000)
  eden space 126976K, 0% used [0x00000000f5580000,0x00000000f5580000,0x00000000fd180000)
  from space 10752K, 99% used [0x00000000fd180000,0x00000000fdbfd548,0x00000000fdc00000)
  to   space 14336K, 0% used [0x00000000ff200000,0x00000000ff200000,0x0000000100000000)
 ParOldGen       total 77312K, used 7445K [0x00000000e0000000, 0x00000000e4b80000, 0x00000000f5580000)
  object space 77312K, 9% used [0x00000000e0000000,0x00000000e07457c8,0x00000000e4b80000)
 Metaspace       used 28498K, capacity 30200K, committed 30336K, reserved 1075200K
  class space    used 3780K, capacity 4118K, committed 4224K, reserved 1048576K
}
Event: 5.940 GC heap before
{Heap before GC invocations=7 (full 1):
 PSYoungGen      total 137728K, used 91043K [0x00000000f5580000, 0x0000000100000000, 0x0000000100000000)
  eden space 126976K, 63% used [0x00000000f5580000,0x00000000fa3eb810,0x00000000fd180000)
  from space 10752K, 99% used [0x00000000fd180000,0x00000000fdbfd548,0x00000000fdc00000)
  to   space 14336K, 0% used [0x00000000ff200000,0x00000000ff200000,0x0000000100000000)
 ParOldGen       total 77312K, used 7445K [0x00000000e0000000, 0x00000000e4b80000, 0x00000000f5580000)
  object space 77312K, 9% used [0x00000000e0000000,0x00000000e07457c8,0x00000000e4b80000)
 Metaspace       used 33557K, capacity 35410K, committed 35496K, reserved 1079296K
  class space    used 4700K, capacity 5061K, committed 5120K, reserved 1048576K
Event: 5.953 GC heap after
Heap after GC invocations=7 (full 1):
 PSYoungGen      total 160256K, used 10565K [0x00000000f5580000, 0x0000000100000000, 0x0000000100000000)
  eden space 145920K, 0% used [0x00000000f5580000,0x00000000f5580000,0x00000000fe400000)
  from space 14336K, 73% used [0x00000000ff200000,0x00000000ffc516e0,0x0000000100000000)
  to   space 14336K, 0% used [0x00000000fe400000,0x00000000fe400000,0x00000000ff200000)
 ParOldGen       total 77312K, used 7453K [0x00000000e0000000, 0x00000000e4b80000, 0x00000000f5580000)
  object space 77312K, 9% used [0x00000000e0000000,0x00000000e07477c8,0x00000000e4b80000)
 Metaspace       used 33557K, capacity 35410K, committed 35496K, reserved 1079296K
  class space    used 4700K, capacity 5061K, committed 5120K, reserved 1048576K
}
Event: 5.953 GC heap before
{Heap before GC invocations=8 (full 2):
 PSYoungGen      total 160256K, used 10565K [0x00000000f5580000, 0x0000000100000000, 0x0000000100000000)
  eden space 145920K, 0% used [0x00000000f5580000,0x00000000f5580000,0x00000000fe400000)
  from space 14336K, 73% used [0x00000000ff200000,0x00000000ffc516e0,0x0000000100000000)
  to   space 14336K, 0% used [0x00000000fe400000,0x00000000fe400000,0x00000000ff200000)
 ParOldGen       total 77312K, used 7453K [0x00000000e0000000, 0x00000000e4b80000, 0x00000000f5580000)
  object space 77312K, 9% used [0x00000000e0000000,0x00000000e07477c8,0x00000000e4b80000)
 Metaspace       used 33557K, capacity 35410K, committed 35496K, reserved 1079296K
  class space    used 4700K, capacity 5061K, committed 5120K, reserved 1048576K
Event: 5.997 GC heap after
Heap after GC invocations=8 (full 2):
 PSYoungGen      total 160256K, used 0K [0x00000000f5580000, 0x0000000100000000, 0x0000000100000000)
  eden space 145920K, 0% used [0x00000000f5580000,0x00000000f5580000,0x00000000fe400000)
  from space 14336K, 0% used [0x00000000ff200000,0x00000000ff200000,0x0000000100000000)
  to   space 14336K, 0% used [0x00000000fe400000,0x00000000fe400000,0x00000000ff200000)
 ParOldGen       total 104448K, used 14990K [0x00000000e0000000, 0x00000000e6600000, 0x00000000f5580000)
  object space 104448K, 14% used [0x00000000e0000000,0x00000000e0ea3978,0x00000000e6600000)
 Metaspace       used 33557K, capacity 35410K, committed 35496K, reserved 1079296K
  class space    used 4700K, capacity 5061K, committed 5120K, reserved 1048576K
}
Event: 7.590 GC heap before
{Heap before GC invocations=9 (full 2):
 PSYoungGen      total 160256K, used 145920K [0x00000000f5580000, 0x0000000100000000, 0x0000000100000000)
  eden space 145920K, 100% used [0x00000000f5580000,0x00000000fe400000,0x00000000fe400000)
  from space 14336K, 0% used [0x00000000ff200000,0x00000000ff200000,0x0000000100000000)
  to   space 14336K, 0% used [0x00000000fe400000,0x00000000fe400000,0x00000000ff200000)
 ParOldGen       total 104448K, used 14990K [0x00000000e0000000, 0x00000000e6600000, 0x00000000f5580000)
  object space 104448K, 14% used [0x00000000e0000000,0x00000000e0ea3978,0x00000000e6600000)
 Metaspace       used 38445K, capacity 40898K, committed 41216K, reserved 1085440K
  class space    used 5380K, capacity 5837K, committed 5888K, reserved 1048576K
Event: 7.600 GC heap after
Heap after GC invocations=9 (full 2):
 PSYoungGen      total 155136K, used 9017K [0x00000000f5580000, 0x00000000fff00000, 0x0000000100000000)
  eden space 145920K, 0% used [0x00000000f5580000,0x00000000f5580000,0x00000000fe400000)
  from space 9216K, 97% used [0x00000000fe400000,0x00000000fecce770,0x00000000fed00000)
  to   space 13824K, 0% used [0x00000000ff180000,0x00000000ff180000,0x00000000fff00000)
 ParOldGen       total 104448K, used 14998K [0x00000000e0000000, 0x00000000e6600000, 0x00000000f5580000)
  object space 104448K, 14% used [0x00000000e0000000,0x00000000e0ea5978,0x00000000e6600000)
 Metaspace       used 38445K, capacity 40898K, committed 41216K, reserved 1085440K
  class space    used 5380K, capacity 5837K, committed 5888K, reserved 1048576K
}
Event: 9.480 GC heap before
{Heap before GC invocations=10 (full 2):
 PSYoungGen      total 155136K, used 154937K [0x00000000f5580000, 0x00000000fff00000, 0x0000000100000000)
  eden space 145920K, 100% used [0x00000000f5580000,0x00000000fe400000,0x00000000fe400000)
  from space 9216K, 97% used [0x00000000fe400000,0x00000000fecce770,0x00000000fed00000)
  to   space 13824K, 0% used [0x00000000ff180000,0x00000000ff180000,0x00000000fff00000)
 ParOldGen       total 104448K, used 14998K [0x00000000e0000000, 0x00000000e6600000, 0x00000000f5580000)
  object space 104448K, 14% used [0x00000000e0000000,0x00000000e0ea5978,0x00000000e6600000)
 Metaspace       used 44324K, capacity 47312K, committed 47488K, reserved 1089536K
  class space    used 6352K, capacity 6926K, committed 7040K, reserved 1048576K
Event: 9.492 GC heap after
Heap after GC invocations=10 (full 2):
 PSYoungGen      total 156672K, used 13799K [0x00000000f5580000, 0x0000000100000000, 0x0000000100000000)
  eden space 142848K, 0% used [0x00000000f5580000,0x00000000f5580000,0x00000000fe100000)
  from space 13824K, 99% used [0x00000000ff180000,0x00000000ffef9e00,0x00000000fff00000)
  to   space 15872K, 0% used [0x00000000fe100000,0x00000000fe100000,0x00000000ff080000)
 ParOldGen       total 104448K, used 15799K [0x00000000e0000000, 0x00000000e6600000, 0x00000000f5580000)
  object space 104448K, 15% used [0x00000000e0000000,0x00000000e0f6dcc8,0x00000000e6600000)
 Metaspace       used 44324K, capacity 47312K, committed 47488K, reserved 1089536K
  class space    used 6352K, capacity 6926K, committed 7040K, reserved 1048576K
}

