# JRE version: Java(TM) SE Runtime Environment (8.0_281-b09) (build 1.8.0_281-b09)
# Java VM: Java HotSpot(TM) 64-Bit Server VM (25.281-b09 mixed mode windows-amd64 compressed oops)
Heap:
 PSYoungGen      total 160256K, used 108281K [0x00000000f5580000, 0x0000000100000000, 0x0000000100000000)
  eden space 147968K, 64% used [0x00000000f5580000,0x00000000fb344ab0,0x00000000fe600000)
  from space 12288K, 99% used [0x00000000ff380000,0x00000000fff79b58,0x00000000fff80000)
  to   space 13312K, 0% used [0x00000000fe600000,0x00000000fe600000,0x00000000ff300000)
 ParOldGen       total 173056K, used 13591K [0x00000000e0000000, 0x00000000ea900000, 0x00000000f5580000)
  object space 173056K, 7% used [0x00000000e0000000,0x00000000e0d45d58,0x00000000ea900000)
 Metaspace       used 47328K, capacity 51532K, committed 51712K, reserved 1093632K
  class space    used 6874K, capacity 7622K, committed 7680K, reserved 1048576K
GC Heap History (10 events):
Event: 6.190 GC heap before
{Heap before GC invocations=6 (full 1):
 PSYoungGen      total 100864K, used 99948K [0x00000000f5580000, 0x00000000fc380000, 0x0000000100000000)
  eden space 91136K, 100% used [0x00000000f5580000,0x00000000fae80000,0x00000000fae80000)
  from space 9728K, 90% used [0x00000000fba00000,0x00000000fc29b0a8,0x00000000fc380000)
  to   space 10752K, 0% used [0x00000000fae80000,0x00000000fae80000,0x00000000fb900000)
 ParOldGen       total 111616K, used 9447K [0x00000000e0000000, 0x00000000e6d00000, 0x00000000f5580000)
  object space 111616K, 8% used [0x00000000e0000000,0x00000000e0939cc0,0x00000000e6d00000)
 Metaspace       used 30881K, capacity 32652K, committed 33024K, reserved 1077248K
  class space    used 4154K, capacity 4488K, committed 4608K, reserved 1048576K
Event: 6.204 GC heap after
Heap after GC invocations=6 (full 1):
 PSYoungGen      total 101888K, used 10726K [0x00000000f5580000, 0x00000000fea00000, 0x0000000100000000)
  eden space 91136K, 0% used [0x00000000f5580000,0x00000000f5580000,0x00000000fae80000)
  from space 10752K, 99% used [0x00000000fae80000,0x00000000fb8f9a48,0x00000000fb900000)
  to   space 12800K, 0% used [0x00000000fdd80000,0x00000000fdd80000,0x00000000fea00000)
 ParOldGen       total 111616K, used 10827K [0x00000000e0000000, 0x00000000e6d00000, 0x00000000f5580000)
  object space 111616K, 9% used [0x00000000e0000000,0x00000000e0a92d00,0x00000000e6d00000)
 Metaspace       used 30881K, capacity 32652K, committed 33024K, reserved 1077248K
  class space    used 4154K, capacity 4488K, committed 4608K, reserved 1048576K
}
Event: 6.817 GC heap before
{Heap before GC invocations=7 (full 1):
 PSYoungGen      total 101888K, used 56168K [0x00000000f5580000, 0x00000000fea00000, 0x0000000100000000)
  eden space 91136K, 49% used [0x00000000f5580000,0x00000000f81e0658,0x00000000fae80000)
  from space 10752K, 99% used [0x00000000fae80000,0x00000000fb8f9a48,0x00000000fb900000)
  to   space 12800K, 0% used [0x00000000fdd80000,0x00000000fdd80000,0x00000000fea00000)
 ParOldGen       total 111616K, used 10827K [0x00000000e0000000, 0x00000000e6d00000, 0x00000000f5580000)
  object space 111616K, 9% used [0x00000000e0000000,0x00000000e0a92d00,0x00000000e6d00000)
 Metaspace       used 33552K, capacity 35410K, committed 35496K, reserved 1079296K
  class space    used 4696K, capacity 5061K, committed 5120K, reserved 1048576K
Event: 6.827 GC heap after
Heap after GC invocations=7 (full 1):
 PSYoungGen      total 139776K, used 8872K [0x00000000f5580000, 0x00000000feb00000, 0x0000000100000000)
  eden space 126976K, 0% used [0x00000000f5580000,0x00000000f5580000,0x00000000fd180000)
  from space 12800K, 69% used [0x00000000fdd80000,0x00000000fe62a3d0,0x00000000fea00000)
  to   space 12288K, 0% used [0x00000000fd180000,0x00000000fd180000,0x00000000fdd80000)
 ParOldGen       total 111616K, used 10835K [0x00000000e0000000, 0x00000000e6d00000, 0x00000000f5580000)
  object space 111616K, 9% used [0x00000000e0000000,0x00000000e0a94d00,0x00000000e6d00000)
 Metaspace       used 33552K, capacity 35410K, committed 35496K, reserved 1079296K
  class space    used 4696K, capacity 5061K, committed 5120K, reserved 1048576K
}
Event: 6.827 GC heap before
{Heap before GC invocations=8 (full 2):
 PSYoungGen      total 139776K, used 8872K [0x00000000f5580000, 0x00000000feb00000, 0x0000000100000000)
  eden space 126976K, 0% used [0x00000000f5580000,0x00000000f5580000,0x00000000fd180000)
  from space 12800K, 69% used [0x00000000fdd80000,0x00000000fe62a3d0,0x00000000fea00000)
  to   space 12288K, 0% used [0x00000000fd180000,0x00000000fd180000,0x00000000fdd80000)
 ParOldGen       total 111616K, used 10835K [0x00000000e0000000, 0x00000000e6d00000, 0x00000000f5580000)
  object space 111616K, 9% used [0x00000000e0000000,0x00000000e0a94d00,0x00000000e6d00000)
 Metaspace       used 33552K, capacity 35410K, committed 35496K, reserved 1079296K
  class space    used 4696K, capacity 5061K, committed 5120K, reserved 1048576K
Event: 6.875 GC heap after
Heap after GC invocations=8 (full 2):
 PSYoungGen      total 139776K, used 0K [0x00000000f5580000, 0x00000000feb00000, 0x0000000100000000)
  eden space 126976K, 0% used [0x00000000f5580000,0x00000000f5580000,0x00000000fd180000)
  from space 12800K, 0% used [0x00000000fdd80000,0x00000000fdd80000,0x00000000fea00000)
  to   space 12288K, 0% used [0x00000000fd180000,0x00000000fd180000,0x00000000fdd80000)
 ParOldGen       total 173056K, used 13368K [0x00000000e0000000, 0x00000000ea900000, 0x00000000f5580000)
  object space 173056K, 7% used [0x00000000e0000000,0x00000000e0d0e318,0x00000000ea900000)
 Metaspace       used 33552K, capacity 35410K, committed 35496K, reserved 1079296K
  class space    used 4696K, capacity 5061K, committed 5120K, reserved 1048576K
}
Event: 8.909 GC heap before
{Heap before GC invocations=9 (full 2):
 PSYoungGen      total 139776K, used 126976K [0x00000000f5580000, 0x00000000feb00000, 0x0000000100000000)
  eden space 126976K, 100% used [0x00000000f5580000,0x00000000fd180000,0x00000000fd180000)
  from space 12800K, 0% used [0x00000000fdd80000,0x00000000fdd80000,0x00000000fea00000)
  to   space 12288K, 0% used [0x00000000fd180000,0x00000000fd180000,0x00000000fdd80000)
 ParOldGen       total 173056K, used 13368K [0x00000000e0000000, 0x00000000ea900000, 0x00000000f5580000)
  object space 173056K, 7% used [0x00000000e0000000,0x00000000e0d0e318,0x00000000ea900000)
 Metaspace       used 37737K, capacity 40102K, committed 40320K, reserved 1083392K
  class space    used 5283K, capacity 5711K, committed 5760K, reserved 1048576K
Event: 8.919 GC heap after
Heap after GC invocations=9 (full 2):
 PSYoungGen      total 139264K, used 7308K [0x00000000f5580000, 0x00000000fff80000, 0x0000000100000000)
  eden space 126976K, 0% used [0x00000000f5580000,0x00000000f5580000,0x00000000fd180000)
  from space 12288K, 59% used [0x00000000fd180000,0x00000000fd8a3368,0x00000000fdd80000)
  to   space 12288K, 0% used [0x00000000ff380000,0x00000000ff380000,0x00000000fff80000)
 ParOldGen       total 173056K, used 13376K [0x00000000e0000000, 0x00000000ea900000, 0x00000000f5580000)
  object space 173056K, 7% used [0x00000000e0000000,0x00000000e0d10318,0x00000000ea900000)
 Metaspace       used 37737K, capacity 40102K, committed 40320K, reserved 1083392K
  class space    used 5283K, capacity 5711K, committed 5760K, reserved 1048576K
}
Event: 10.767 GC heap before
{Heap before GC invocations=10 (full 2):
 PSYoungGen      total 139264K, used 134284K [0x00000000f5580000, 0x00000000fff80000, 0x0000000100000000)
  eden space 126976K, 100% used [0x00000000f5580000,0x00000000fd180000,0x00000000fd180000)
  from space 12288K, 59% used [0x00000000fd180000,0x00000000fd8a3368,0x00000000fdd80000)
  to   space 12288K, 0% used [0x00000000ff380000,0x00000000ff380000,0x00000000fff80000)
 ParOldGen       total 173056K, used 13376K [0x00000000e0000000, 0x00000000ea900000, 0x00000000f5580000)
  object space 173056K, 7% used [0x00000000e0000000,0x00000000e0d10318,0x00000000ea900000)
 Metaspace       used 41711K, capacity 44532K, committed 44672K, reserved 1087488K
  class space    used 5968K, capacity 6482K, committed 6528K, reserved 1048576K
Event: 10.782 GC heap after
Heap after GC invocations=10 (full 2):
 PSYoungGen      total 160256K, used 12262K [0x00000000f5580000, 0x0000000100000000, 0x0000000100000000)
  eden space 147968K, 0% used [0x00000000f5580000,0x00000000f5580000,0x00000000fe600000)
  from space 12288K, 99% used [0x00000000ff380000,0x00000000fff79b58,0x00000000fff80000)
  to   space 13312K, 0% used [0x00000000fe600000,0x00000000fe600000,0x00000000ff300000)
 ParOldGen       total 173056K, used 13591K [0x00000000e0000000, 0x00000000ea900000, 0x00000000f5580000)
  object space 173056K, 7% used [0x00000000e0000000,0x00000000e0d45d58,0x00000000ea900000)
 Metaspace       used 41711K, capacity 44532K, committed 44672K, reserved 1087488K
  class space    used 5968K, capacity 6482K, committed 6528K, reserved 1048576K
}

